<?xml version="1.0" encoding="UTF-8"?>
<!-- Generated by org.testng.reporters.JUnitXMLReporter -->
<testsuite ignored="2" hostname="ETC1304235" failures="0" tests="1" name="Default test" time="11.579" errors="0" timestamp="10 Mar 2023 08:38:51 GMT">
  <testcase classname="com.webmath.qa.testcases.K8MathPageTest" name="powerConversionTest" time="3.143"/>
  <testcase classname="com.webmath.qa.testcases.K8MathPageTest" name="WebMathLogoImageTest" time="0.0">
    <ignored/>
  </testcase> <!-- WebMathLogoImageTest -->
  <testcase classname="com.webmath.qa.testcases.K8MathPageTest" name="validateK8MathPageTitleTest" time="0.0">
    <ignored/>
  </testcase> <!-- validateK8MathPageTitleTest -->
</testsuite> <!-- Default test -->
