<?xml version="1.0" encoding="UTF-8"?>
<!-- Generated by org.testng.reporters.JUnitXMLReporter -->
<testsuite ignored="0" hostname="ETC1304235" failures="0" tests="3" name="Default test" time="36.487" errors="0" timestamp="21 Feb 2023 17:25:14 GMT">
  <testcase classname="com.webmath.qa.testcases.HomePageTest" name="verifyHomePageTitleTest" time="0.024"/>
  <testcase classname="com.webmath.qa.testcases.HomePageTest" name="WebMathLogoImageTest" time="0.131"/>
  <testcase classname="com.webmath.qa.testcases.HomePageTest" name="simpleInterestTest" time="3.616"/>
</testsuite> <!-- Default test -->
