<?xml version="1.0" encoding="UTF-8"?>
<testng-results ignored="2" total="3" passed="1" failed="0" skipped="0">
  <reporter-output>
  </reporter-output>
  <suite started-at="2023-03-10T08:38:40Z" name="Default suite" finished-at="2023-03-10T08:38:51Z" duration-ms="11579">
    <groups>
    </groups>
    <test started-at="2023-03-10T08:38:40Z" name="Default test" finished-at="2023-03-10T08:38:51Z" duration-ms="11579">
      <class name="com.webmath.qa.testcases.K8MathPageTest">
        <test-method is-config="true" signature="setUp()[pri:0, instance:com.webmath.qa.testcases.K8MathPageTest@525575]" started-at="2023-03-10T08:38:40Z" name="setUp" finished-at="2023-03-10T08:38:48Z" duration-ms="8228" status="PASS">
          <reporter-output>
          </reporter-output>
        </test-method> <!-- setUp -->
        <test-method signature="powerConversionTest()[pri:3, instance:com.webmath.qa.testcases.K8MathPageTest@525575]" started-at="2023-03-10T08:38:48Z" name="powerConversionTest" finished-at="2023-03-10T08:38:51Z" duration-ms="3143" status="PASS">
          <reporter-output>
          </reporter-output>
        </test-method> <!-- powerConversionTest -->
        <test-method is-config="true" signature="tearDown()[pri:0, instance:com.webmath.qa.testcases.K8MathPageTest@525575]" started-at="2023-03-10T08:38:51Z" name="tearDown" finished-at="2023-03-10T08:38:51Z" duration-ms="167" status="PASS">
          <reporter-output>
          </reporter-output>
        </test-method> <!-- tearDown -->
      </class> <!-- com.webmath.qa.testcases.K8MathPageTest -->
    </test> <!-- Default test -->
  </suite> <!-- Default suite -->
</testng-results>
